mode: atomic
github.com/codefresh-io/go/venona/pkg/agent/agent.go:104.41,105.43 1 4
github.com/codefresh-io/go/venona/pkg/agent/agent.go:105.43,107.3 1 4
github.com/codefresh-io/go/venona/pkg/agent/agent.go:109.2,116.25 7 0
github.com/codefresh-io/go/venona/pkg/agent/agent.go:116.25,118.3 1 0
github.com/codefresh-io/go/venona/pkg/agent/agent.go:120.2,140.8 3 0
github.com/codefresh-io/go/venona/pkg/agent/agent.go:144.50,145.15 1 0
github.com/codefresh-io/go/venona/pkg/agent/agent.go:145.15,147.3 1 0
github.com/codefresh-io/go/venona/pkg/agent/agent.go:149.2,160.12 7 0
github.com/codefresh-io/go/venona/pkg/agent/agent.go:164.30,165.16 1 0
github.com/codefresh-io/go/venona/pkg/agent/agent.go:165.16,167.3 1 0
github.com/codefresh-io/go/venona/pkg/agent/agent.go:169.2,176.12 8 0
github.com/codefresh-io/go/venona/pkg/agent/agent.go:180.33,182.2 1 0
github.com/codefresh-io/go/venona/pkg/agent/agent.go:184.61,185.6 1 0
github.com/codefresh-io/go/venona/pkg/agent/agent.go:185.6,186.10 1 0
github.com/codefresh-io/go/venona/pkg/agent/agent.go:187.21,189.10 2 0
github.com/codefresh-io/go/venona/pkg/agent/agent.go:190.31,194.30 2 0
github.com/codefresh-io/go/venona/pkg/agent/agent.go:194.30,196.5 1 0
github.com/codefresh-io/go/venona/pkg/agent/agent.go:199.4,199.29 1 0
github.com/codefresh-io/go/venona/pkg/agent/agent.go:199.29,201.5 1 0
github.com/codefresh-io/go/venona/pkg/agent/agent.go:203.4,206.55 4 0
github.com/codefresh-io/go/venona/pkg/agent/agent.go:206.55,212.5 1 0
github.com/codefresh-io/go/venona/pkg/agent/agent.go:214.4,214.61 1 0
github.com/codefresh-io/go/venona/pkg/agent/agent.go:219.65,220.6 1 0
github.com/codefresh-io/go/venona/pkg/agent/agent.go:220.6,221.10 1 0
github.com/codefresh-io/go/venona/pkg/agent/agent.go:222.21,224.10 2 0
github.com/codefresh-io/go/venona/pkg/agent/agent.go:225.33,227.14 2 0
github.com/codefresh-io/go/venona/pkg/agent/agent.go:227.14,232.5 2 0
github.com/codefresh-io/go/venona/pkg/agent/agent.go:237.81,239.16 2 2
github.com/codefresh-io/go/venona/pkg/agent/agent.go:239.16,241.3 1 1
github.com/codefresh-io/go/venona/pkg/agent/agent.go:244.82,247.2 2 0
github.com/codefresh-io/go/venona/pkg/agent/agent.go:249.59,254.16 4 0
github.com/codefresh-io/go/venona/pkg/agent/agent.go:254.16,257.3 2 0
github.com/codefresh-io/go/venona/pkg/agent/agent.go:259.2,259.21 1 0
github.com/codefresh-io/go/venona/pkg/agent/agent.go:259.21,261.3 1 0
github.com/codefresh-io/go/venona/pkg/agent/agent.go:263.2,263.14 1 0
github.com/codefresh-io/go/venona/pkg/agent/agent.go:266.81,272.23 4 1
github.com/codefresh-io/go/venona/pkg/agent/agent.go:272.23,274.17 2 3
github.com/codefresh-io/go/venona/pkg/agent/agent.go:275.27,277.38 2 0
github.com/codefresh-io/go/venona/pkg/agent/agent.go:278.87,280.11 2 3
github.com/codefresh-io/go/venona/pkg/agent/agent.go:280.11,283.5 2 1
github.com/codefresh-io/go/venona/pkg/agent/agent.go:285.4,286.18 2 3
github.com/codefresh-io/go/venona/pkg/agent/agent.go:286.18,288.5 1 0
github.com/codefresh-io/go/venona/pkg/agent/agent.go:289.11,290.115 1 0
github.com/codefresh-io/go/venona/pkg/agent/agent.go:295.2,295.51 1 1
github.com/codefresh-io/go/venona/pkg/agent/agent.go:295.51,298.3 2 0
github.com/codefresh-io/go/venona/pkg/agent/agent.go:300.2,301.27 2 1
github.com/codefresh-io/go/venona/pkg/agent/agent.go:301.27,306.3 3 1
github.com/codefresh-io/go/venona/pkg/agent/agent.go:309.2,309.50 1 1
github.com/codefresh-io/go/venona/pkg/agent/agent.go:309.50,312.3 2 0
github.com/codefresh-io/go/venona/pkg/agent/agent.go:313.2,313.30 1 1
github.com/codefresh-io/go/venona/pkg/agent/agent.go:316.47,319.12 3 0
github.com/codefresh-io/go/venona/pkg/agent/agent.go:319.12,325.17 5 0
github.com/codefresh-io/go/venona/pkg/agent/agent.go:325.17,328.4 2 0
github.com/codefresh-io/go/venona/pkg/agent/agent.go:333.54,336.16 3 3
github.com/codefresh-io/go/venona/pkg/agent/agent.go:336.16,338.3 1 0
github.com/codefresh-io/go/venona/pkg/agent/agent.go:340.2,341.55 2 3
github.com/codefresh-io/go/venona/pkg/agent/agent.go:341.55,343.3 1 0
github.com/codefresh-io/go/venona/pkg/agent/agent.go:345.2,346.9 2 3
github.com/codefresh-io/go/venona/pkg/agent/agent.go:346.9,348.3 1 0
github.com/codefresh-io/go/venona/pkg/agent/agent.go:350.2,359.12 5 3
github.com/codefresh-io/go/venona/pkg/agent/agent.go:362.63,366.17 4 0
github.com/codefresh-io/go/venona/pkg/agent/agent.go:366.17,368.3 1 0
github.com/codefresh-io/go/venona/pkg/agent/agent.go:370.2,371.15 2 0
github.com/codefresh-io/go/venona/pkg/agent/agent.go:371.15,373.3 1 0
github.com/codefresh-io/go/venona/pkg/agent/agent.go:375.2,378.16 3 0
github.com/codefresh-io/go/venona/pkg/agent/agent.go:378.16,380.3 1 0
github.com/codefresh-io/go/venona/pkg/agent/agent.go:382.2,382.17 1 0
github.com/codefresh-io/go/venona/pkg/agent/agent.go:382.17,384.3 1 0
github.com/codefresh-io/go/venona/pkg/agent/agent.go:386.2,387.16 2 0
github.com/codefresh-io/go/venona/pkg/agent/agent.go:387.16,389.3 1 0
github.com/codefresh-io/go/venona/pkg/agent/agent.go:391.2,399.16 7 0
github.com/codefresh-io/go/venona/pkg/agent/agent.go:399.16,401.3 1 0
github.com/codefresh-io/go/venona/pkg/agent/agent.go:403.2,407.12 4 0
github.com/codefresh-io/go/venona/pkg/agent/agent.go:410.57,412.29 2 1
github.com/codefresh-io/go/venona/pkg/agent/agent.go:412.29,414.17 2 3
github.com/codefresh-io/go/venona/pkg/agent/agent.go:414.17,418.4 1 0
github.com/codefresh-io/go/venona/pkg/agent/agent.go:420.3,420.52 1 3
github.com/codefresh-io/go/venona/pkg/agent/agent.go:423.2,423.19 1 1
github.com/codefresh-io/go/venona/pkg/agent/agent.go:426.40,427.17 1 4
github.com/codefresh-io/go/venona/pkg/agent/agent.go:427.17,429.3 1 1
github.com/codefresh-io/go/venona/pkg/agent/agent.go:431.2,431.19 1 3
github.com/codefresh-io/go/venona/pkg/agent/agent.go:431.19,433.3 1 1
github.com/codefresh-io/go/venona/pkg/agent/agent.go:435.2,435.29 1 2
github.com/codefresh-io/go/venona/pkg/agent/agent.go:435.29,437.3 1 1
github.com/codefresh-io/go/venona/pkg/agent/agent.go:439.2,439.24 1 1
github.com/codefresh-io/go/venona/pkg/agent/agent.go:439.24,441.3 1 1
github.com/codefresh-io/go/venona/pkg/agent/agent.go:443.2,443.12 1 0
github.com/codefresh-io/go/venona/pkg/agent/agent.go:446.13,449.2 2 1
github.com/codefresh-io/go/venona/pkg/config/loader.go:51.88,53.16 2 2
github.com/codefresh-io/go/venona/pkg/config/loader.go:53.16,55.3 1 0
github.com/codefresh-io/go/venona/pkg/config/loader.go:57.2,58.73 2 2
github.com/codefresh-io/go/venona/pkg/config/loader.go:58.73,60.3 1 0
github.com/codefresh-io/go/venona/pkg/config/loader.go:62.2,62.38 1 2
github.com/codefresh-io/go/venona/pkg/config/loader.go:65.85,66.62 1 2
github.com/codefresh-io/go/venona/pkg/config/loader.go:66.62,67.17 1 2
github.com/codefresh-io/go/venona/pkg/config/loader.go:67.17,70.4 2 0
github.com/codefresh-io/go/venona/pkg/config/loader.go:72.3,72.19 1 2
github.com/codefresh-io/go/venona/pkg/config/loader.go:72.19,75.4 2 0
github.com/codefresh-io/go/venona/pkg/config/loader.go:77.3,77.35 1 2
github.com/codefresh-io/go/venona/pkg/config/loader.go:77.35,80.4 2 1
github.com/codefresh-io/go/venona/pkg/config/loader.go:82.3,83.13 2 1
github.com/codefresh-io/go/venona/pkg/config/loader.go:87.51,89.51 2 1
github.com/codefresh-io/go/venona/pkg/config/loader.go:89.51,91.3 1 0
github.com/codefresh-io/go/venona/pkg/config/loader.go:93.2,93.17 1 1
github.com/codefresh-io/go/venona/pkg/config/loader.go:96.86,98.29 2 2
github.com/codefresh-io/go/venona/pkg/config/loader.go:98.29,100.17 2 1
github.com/codefresh-io/go/venona/pkg/config/loader.go:100.17,102.12 2 0
github.com/codefresh-io/go/venona/pkg/config/loader.go:105.3,106.17 2 1
github.com/codefresh-io/go/venona/pkg/config/loader.go:106.17,108.12 2 0
github.com/codefresh-io/go/venona/pkg/config/loader.go:111.3,111.21 1 1
github.com/codefresh-io/go/venona/pkg/config/loader.go:114.2,114.20 1 2
github.com/codefresh-io/go/venona/pkg/kubernetes/kubernetes.go:71.82,77.2 2 0
github.com/codefresh-io/go/venona/pkg/kubernetes/kubernetes.go:80.44,81.28 1 2
github.com/codefresh-io/go/venona/pkg/kubernetes/kubernetes.go:81.28,83.3 1 1
github.com/codefresh-io/go/venona/pkg/kubernetes/kubernetes.go:85.2,89.8 2 1
github.com/codefresh-io/go/venona/pkg/kubernetes/kubernetes.go:92.95,95.16 3 3
github.com/codefresh-io/go/venona/pkg/kubernetes/kubernetes.go:95.16,97.3 1 0
github.com/codefresh-io/go/venona/pkg/kubernetes/kubernetes.go:99.2,100.16 2 3
github.com/codefresh-io/go/venona/pkg/kubernetes/kubernetes.go:100.16,102.3 1 0
github.com/codefresh-io/go/venona/pkg/kubernetes/kubernetes.go:104.2,105.27 2 3
github.com/codefresh-io/go/venona/pkg/kubernetes/kubernetes.go:106.33,109.17 3 1
github.com/codefresh-io/go/venona/pkg/kubernetes/kubernetes.go:109.17,111.4 1 0
github.com/codefresh-io/go/venona/pkg/kubernetes/kubernetes.go:112.15,115.17 3 1
github.com/codefresh-io/go/venona/pkg/kubernetes/kubernetes.go:115.17,117.4 1 0
github.com/codefresh-io/go/venona/pkg/kubernetes/kubernetes.go:118.10,119.99 1 1
github.com/codefresh-io/go/venona/pkg/kubernetes/kubernetes.go:122.2,130.12 4 2
github.com/codefresh-io/go/venona/pkg/kubernetes/kubernetes.go:133.77,135.19 2 5
github.com/codefresh-io/go/venona/pkg/kubernetes/kubernetes.go:136.26,138.17 2 1
github.com/codefresh-io/go/venona/pkg/kubernetes/kubernetes.go:138.17,140.4 1 0
github.com/codefresh-io/go/venona/pkg/kubernetes/kubernetes.go:141.26,143.17 2 3
github.com/codefresh-io/go/venona/pkg/kubernetes/kubernetes.go:143.17,145.4 1 2
github.com/codefresh-io/go/venona/pkg/kubernetes/kubernetes.go:146.10,147.70 1 1
github.com/codefresh-io/go/venona/pkg/kubernetes/kubernetes.go:150.2,158.12 4 2
github.com/codefresh-io/go/venona/pkg/kubernetes/kubernetes.go:161.130,163.14 2 1
github.com/codefresh-io/go/venona/pkg/kubernetes/kubernetes.go:163.14,167.3 1 0
github.com/codefresh-io/go/venona/pkg/kubernetes/kubernetes.go:167.8,171.3 1 1
github.com/codefresh-io/go/venona/pkg/kubernetes/kubernetes.go:173.2,179.4 1 1
github.com/codefresh-io/go/venona/pkg/kubernetes/kubernetes.go:182.79,184.16 2 0
github.com/codefresh-io/go/venona/pkg/kubernetes/kubernetes.go:184.16,186.3 1 0
github.com/codefresh-io/go/venona/pkg/kubernetes/kubernetes.go:188.2,190.40 3 0
github.com/codefresh-io/go/venona/pkg/kubernetes/kubernetes_mock.go:35.61,37.2 1 0
github.com/codefresh-io/go/venona/pkg/kubernetes/kubernetes_mock.go:40.107,44.84 3 0
github.com/codefresh-io/go/venona/pkg/kubernetes/kubernetes_mock.go:44.84,46.3 1 0
github.com/codefresh-io/go/venona/pkg/kubernetes/kubernetes_mock.go:46.8,48.3 1 0
github.com/codefresh-io/go/venona/pkg/kubernetes/kubernetes_mock.go:50.2,50.11 1 0
github.com/codefresh-io/go/venona/pkg/kubernetes/kubernetes_mock.go:62.144,64.2 1 0
github.com/codefresh-io/go/venona/pkg/kubernetes/kubernetes_mock.go:66.156,67.40 1 0
github.com/codefresh-io/go/venona/pkg/kubernetes/kubernetes_mock.go:67.40,69.3 1 0
github.com/codefresh-io/go/venona/pkg/kubernetes/kubernetes_mock.go:70.2,70.11 1 0
github.com/codefresh-io/go/venona/pkg/kubernetes/kubernetes_mock.go:73.101,76.2 2 0
github.com/codefresh-io/go/venona/pkg/kubernetes/kubernetes_mock.go:78.153,81.2 2 0
github.com/codefresh-io/go/venona/pkg/kubernetes/kubernetes_mock.go:84.89,88.75 3 0
github.com/codefresh-io/go/venona/pkg/kubernetes/kubernetes_mock.go:88.75,90.3 1 0
github.com/codefresh-io/go/venona/pkg/kubernetes/kubernetes_mock.go:90.8,92.3 1 0
github.com/codefresh-io/go/venona/pkg/kubernetes/kubernetes_mock.go:94.2,94.11 1 0
github.com/codefresh-io/go/venona/pkg/kubernetes/kubernetes_mock.go:105.122,107.2 1 0
github.com/codefresh-io/go/venona/pkg/kubernetes/kubernetes_mock.go:109.138,110.40 1 0
github.com/codefresh-io/go/venona/pkg/kubernetes/kubernetes_mock.go:110.40,112.3 1 0
github.com/codefresh-io/go/venona/pkg/kubernetes/kubernetes_mock.go:113.2,113.11 1 0
github.com/codefresh-io/go/venona/pkg/kubernetes/kubernetes_mock.go:116.101,119.2 2 0
github.com/codefresh-io/go/venona/pkg/kubernetes/kubernetes_mock.go:121.144,124.2 2 0
github.com/codefresh-io/go/venona/pkg/kubernetes/kubernetes_mock.go:131.20,135.19 3 0
github.com/codefresh-io/go/venona/pkg/kubernetes/kubernetes_mock.go:135.19,135.49 1 0
github.com/codefresh-io/go/venona/pkg/kubernetes/kubernetes_mock.go:137.2,137.13 1 0
github.com/codefresh-io/go/venona/pkg/codefresh/codefresh.go:65.34,67.16 2 2
github.com/codefresh-io/go/venona/pkg/codefresh/codefresh.go:67.16,69.3 1 1
github.com/codefresh-io/go/venona/pkg/codefresh/codefresh.go:71.2,77.3 1 2
github.com/codefresh-io/go/venona/pkg/codefresh/codefresh.go:81.60,83.16 2 0
github.com/codefresh-io/go/venona/pkg/codefresh/codefresh.go:83.16,85.3 1 0
github.com/codefresh-io/go/venona/pkg/codefresh/codefresh.go:87.2,88.16 2 0
github.com/codefresh-io/go/venona/pkg/codefresh/codefresh.go:88.16,90.3 1 0
github.com/codefresh-io/go/venona/pkg/codefresh/codefresh.go:92.2,92.19 1 0
github.com/codefresh-io/go/venona/pkg/codefresh/codefresh.go:96.27,98.2 1 4
github.com/codefresh-io/go/venona/pkg/codefresh/codefresh.go:101.73,103.16 2 0
github.com/codefresh-io/go/venona/pkg/codefresh/codefresh.go:103.16,105.3 1 0
github.com/codefresh-io/go/venona/pkg/codefresh/codefresh.go:107.2,108.16 2 0
github.com/codefresh-io/go/venona/pkg/codefresh/codefresh.go:108.16,110.3 1 0
github.com/codefresh-io/go/venona/pkg/codefresh/codefresh.go:112.2,112.12 1 0
github.com/codefresh-io/go/venona/pkg/codefresh/codefresh.go:115.67,120.2 1 0
github.com/codefresh-io/go/venona/pkg/codefresh/codefresh.go:122.59,124.16 2 3
github.com/codefresh-io/go/venona/pkg/codefresh/codefresh.go:124.16,126.3 1 1
github.com/codefresh-io/go/venona/pkg/codefresh/codefresh.go:128.2,131.26 3 2
github.com/codefresh-io/go/venona/pkg/codefresh/codefresh.go:131.26,134.3 2 3
github.com/codefresh-io/go/venona/pkg/codefresh/codefresh.go:136.2,138.15 3 2
github.com/codefresh-io/go/venona/pkg/codefresh/codefresh.go:141.98,143.16 2 0
github.com/codefresh-io/go/venona/pkg/codefresh/codefresh.go:143.16,145.3 1 0
github.com/codefresh-io/go/venona/pkg/codefresh/codefresh.go:147.2,148.16 2 0
github.com/codefresh-io/go/venona/pkg/codefresh/codefresh.go:148.16,150.3 1 0
github.com/codefresh-io/go/venona/pkg/codefresh/codefresh.go:152.2,153.19 2 0
github.com/codefresh-io/go/venona/pkg/codefresh/codefresh.go:153.19,155.3 1 0
github.com/codefresh-io/go/venona/pkg/codefresh/codefresh.go:157.2,158.17 2 0
github.com/codefresh-io/go/venona/pkg/codefresh/codefresh.go:161.107,163.16 2 0
github.com/codefresh-io/go/venona/pkg/codefresh/codefresh.go:163.16,165.3 1 0
github.com/codefresh-io/go/venona/pkg/codefresh/codefresh.go:167.2,168.16 2 0
github.com/codefresh-io/go/venona/pkg/codefresh/codefresh.go:168.16,170.3 1 0
github.com/codefresh-io/go/venona/pkg/codefresh/codefresh.go:172.2,174.16 3 0
github.com/codefresh-io/go/venona/pkg/codefresh/codefresh.go:174.16,176.3 1 0
github.com/codefresh-io/go/venona/pkg/codefresh/codefresh.go:178.2,178.28 1 0
github.com/codefresh-io/go/venona/pkg/codefresh/codefresh.go:178.28,180.3 1 0
github.com/codefresh-io/go/venona/pkg/codefresh/codefresh.go:182.2,182.18 1 0
github.com/codefresh-io/go/venona/pkg/codefresh/codefresh_mock.go:35.59,37.2 1 0
github.com/codefresh-io/go/venona/pkg/codefresh/codefresh_mock.go:40.40,44.46 3 0
github.com/codefresh-io/go/venona/pkg/codefresh/codefresh_mock.go:44.46,46.3 1 0
github.com/codefresh-io/go/venona/pkg/codefresh/codefresh_mock.go:46.8,48.3 1 0
github.com/codefresh-io/go/venona/pkg/codefresh/codefresh_mock.go:50.2,50.11 1 0
github.com/codefresh-io/go/venona/pkg/codefresh/codefresh_mock.go:59.67,61.2 1 0
github.com/codefresh-io/go/venona/pkg/codefresh/codefresh_mock.go:63.77,64.40 1 0
github.com/codefresh-io/go/venona/pkg/codefresh/codefresh_mock.go:64.40,66.3 1 0
github.com/codefresh-io/go/venona/pkg/codefresh/codefresh_mock.go:67.2,67.11 1 0
github.com/codefresh-io/go/venona/pkg/codefresh/codefresh_mock.go:70.80,73.2 2 0
github.com/codefresh-io/go/venona/pkg/codefresh/codefresh_mock.go:75.93,78.2 2 0
github.com/codefresh-io/go/venona/pkg/codefresh/codefresh_mock.go:81.86,85.73 3 0
github.com/codefresh-io/go/venona/pkg/codefresh/codefresh_mock.go:85.73,87.3 1 0
github.com/codefresh-io/go/venona/pkg/codefresh/codefresh_mock.go:87.8,89.3 1 0
github.com/codefresh-io/go/venona/pkg/codefresh/codefresh_mock.go:91.2,91.11 1 0
github.com/codefresh-io/go/venona/pkg/codefresh/codefresh_mock.go:102.118,104.2 1 0
github.com/codefresh-io/go/venona/pkg/codefresh/codefresh_mock.go:106.132,107.40 1 0
github.com/codefresh-io/go/venona/pkg/codefresh/codefresh_mock.go:107.40,109.3 1 0
github.com/codefresh-io/go/venona/pkg/codefresh/codefresh_mock.go:110.2,110.11 1 0
github.com/codefresh-io/go/venona/pkg/codefresh/codefresh_mock.go:113.95,116.2 2 0
github.com/codefresh-io/go/venona/pkg/codefresh/codefresh_mock.go:118.136,121.2 2 0
github.com/codefresh-io/go/venona/pkg/codefresh/codefresh_mock.go:124.73,129.74 4 0
github.com/codefresh-io/go/venona/pkg/codefresh/codefresh_mock.go:129.74,131.3 1 0
github.com/codefresh-io/go/venona/pkg/codefresh/codefresh_mock.go:132.2,132.65 1 0
github.com/codefresh-io/go/venona/pkg/codefresh/codefresh_mock.go:132.65,134.3 1 0
github.com/codefresh-io/go/venona/pkg/codefresh/codefresh_mock.go:134.8,135.24 1 0
github.com/codefresh-io/go/venona/pkg/codefresh/codefresh_mock.go:135.24,137.4 1 0
github.com/codefresh-io/go/venona/pkg/codefresh/codefresh_mock.go:140.2,140.60 1 0
github.com/codefresh-io/go/venona/pkg/codefresh/codefresh_mock.go:140.60,142.3 1 0
github.com/codefresh-io/go/venona/pkg/codefresh/codefresh_mock.go:142.8,144.3 1 0
github.com/codefresh-io/go/venona/pkg/codefresh/codefresh_mock.go:146.2,146.15 1 0
github.com/codefresh-io/go/venona/pkg/codefresh/codefresh_mock.go:156.84,158.2 1 0
github.com/codefresh-io/go/venona/pkg/codefresh/codefresh_mock.go:160.98,161.40 1 0
github.com/codefresh-io/go/venona/pkg/codefresh/codefresh_mock.go:161.40,163.3 1 0
github.com/codefresh-io/go/venona/pkg/codefresh/codefresh_mock.go:164.2,164.11 1 0
github.com/codefresh-io/go/venona/pkg/codefresh/codefresh_mock.go:167.97,170.2 2 0
github.com/codefresh-io/go/venona/pkg/codefresh/codefresh_mock.go:172.123,175.2 2 0
github.com/codefresh-io/go/venona/pkg/codefresh/codefresh_mock.go:182.19,186.19 3 0
github.com/codefresh-io/go/venona/pkg/codefresh/codefresh_mock.go:186.19,186.49 1 0
github.com/codefresh-io/go/venona/pkg/codefresh/codefresh_mock.go:188.2,188.13 1 0
github.com/codefresh-io/go/venona/pkg/codefresh/error.go:27.31,29.2 1 0
github.com/codefresh-io/go/venona/pkg/codefresh/status.go:27.49,29.2 1 0
github.com/codefresh-io/go/venona/pkg/queue/queue.go:66.39,77.2 1 4
github.com/codefresh-io/go/venona/pkg/queue/queue.go:80.52,82.39 2 4
github.com/codefresh-io/go/venona/pkg/queue/queue.go:82.39,88.3 5 6
github.com/codefresh-io/go/venona/pkg/queue/queue.go:92.32,93.39 1 4
github.com/codefresh-io/go/venona/pkg/queue/queue.go:93.39,95.3 1 6
github.com/codefresh-io/go/venona/pkg/queue/queue.go:99.36,101.2 1 0
github.com/codefresh-io/go/venona/pkg/queue/queue.go:104.56,106.2 1 14
github.com/codefresh-io/go/venona/pkg/queue/queue.go:108.88,112.6 3 6
github.com/codefresh-io/go/venona/pkg/queue/queue.go:112.6,113.10 1 26
github.com/codefresh-io/go/venona/pkg/queue/queue.go:114.19,116.23 2 6
github.com/codefresh-io/go/venona/pkg/queue/queue.go:117.26,119.62 2 14
github.com/codefresh-io/go/venona/pkg/queue/queue.go:119.62,125.13 5 0
github.com/codefresh-io/go/venona/pkg/queue/queue.go:128.4,135.22 7 14
github.com/codefresh-io/go/venona/pkg/queue/queue.go:136.11,137.20 1 6
github.com/codefresh-io/go/venona/pkg/queue/queue.go:137.20,140.5 2 6
github.com/codefresh-io/go/venona/pkg/queue/queue.go:142.4,142.38 1 0
github.com/codefresh-io/go/venona/pkg/queue/queue.go:147.84,155.9 7 14
github.com/codefresh-io/go/venona/pkg/queue/queue.go:155.9,159.3 3 0
github.com/codefresh-io/go/venona/pkg/queue/queue.go:161.2,161.26 1 14
github.com/codefresh-io/go/venona/pkg/queue/queue.go:161.26,163.17 2 31
github.com/codefresh-io/go/venona/pkg/queue/queue.go:163.17,166.4 2 0
github.com/codefresh-io/go/venona/pkg/queue/queue.go:169.2,177.77 3 14
github.com/codefresh-io/go/venona/pkg/runtime/runtime.go:43.32,47.2 1 0
github.com/codefresh-io/go/venona/pkg/runtime/runtime.go:49.70,52.16 2 8
github.com/codefresh-io/go/venona/pkg/runtime/runtime.go:53.46,55.17 2 3
github.com/codefresh-io/go/venona/pkg/runtime/runtime.go:55.17,57.4 1 1
github.com/codefresh-io/go/venona/pkg/runtime/runtime.go:58.46,62.17 4 4
github.com/codefresh-io/go/venona/pkg/runtime/runtime.go:62.17,64.4 1 0
github.com/codefresh-io/go/venona/pkg/runtime/runtime.go:66.3,66.50 1 4
github.com/codefresh-io/go/venona/pkg/runtime/runtime.go:66.50,68.4 1 1
github.com/codefresh-io/go/venona/pkg/runtime/runtime.go:70.3,70.59 1 3
github.com/codefresh-io/go/venona/pkg/runtime/runtime.go:70.59,72.4 1 1
github.com/codefresh-io/go/venona/pkg/runtime/runtime.go:73.10,74.56 1 1
github.com/codefresh-io/go/venona/pkg/runtime/runtime.go:77.2,77.12 1 4
github.com/codefresh-io/go/venona/cmd/cmdutils.go:22.28,23.16 1 28
github.com/codefresh-io/go/venona/cmd/cmdutils.go:23.16,26.3 2 0
github.com/codefresh-io/go/venona/cmd/root.go:33.16,36.2 2 0
github.com/codefresh-io/go/venona/cmd/start.go:82.52,83.54 1 0
github.com/codefresh-io/go/venona/cmd/start.go:83.54,85.4 1 0
github.com/codefresh-io/go/venona/cmd/start.go:87.3,87.58 1 0
github.com/codefresh-io/go/venona/cmd/start.go:87.58,89.4 1 0
github.com/codefresh-io/go/venona/cmd/start.go:91.3,91.39 1 0
github.com/codefresh-io/go/venona/cmd/start.go:91.39,93.4 1 0
github.com/codefresh-io/go/venona/cmd/start.go:95.3,95.38 1 0
github.com/codefresh-io/go/venona/cmd/start.go:95.38,97.4 1 0
github.com/codefresh-io/go/venona/cmd/start.go:99.3,99.31 1 0
github.com/codefresh-io/go/venona/cmd/start.go:99.31,101.4 1 0
github.com/codefresh-io/go/venona/cmd/start.go:103.3,103.33 1 0
github.com/codefresh-io/go/venona/cmd/start.go:103.33,105.4 1 0
github.com/codefresh-io/go/venona/cmd/start.go:107.3,107.13 1 0
github.com/codefresh-io/go/venona/cmd/start.go:109.42,111.3 1 0
github.com/codefresh-io/go/venona/cmd/start.go:114.13,161.48 44 1
github.com/codefresh-io/go/venona/cmd/start.go:161.48,162.59 1 16
github.com/codefresh-io/go/venona/cmd/start.go:162.59,164.4 1 9
github.com/codefresh-io/go/venona/cmd/start.go:167.2,171.30 4 1
github.com/codefresh-io/go/venona/cmd/start.go:174.32,180.36 3 0
github.com/codefresh-io/go/venona/cmd/start.go:180.36,182.3 1 0
github.com/codefresh-io/go/venona/cmd/start.go:184.2,188.36 4 0
github.com/codefresh-io/go/venona/cmd/start.go:188.36,190.3 1 0
github.com/codefresh-io/go/venona/cmd/start.go:190.8,192.3 1 0
github.com/codefresh-io/go/venona/cmd/start.go:194.2,197.38 3 0
github.com/codefresh-io/go/venona/cmd/start.go:197.38,202.17 2 0
github.com/codefresh-io/go/venona/cmd/start.go:202.17,204.4 1 0
github.com/codefresh-io/go/venona/cmd/start.go:204.9,206.4 1 0
github.com/codefresh-io/go/venona/cmd/start.go:207.8,209.3 1 0
github.com/codefresh-io/go/venona/cmd/start.go:211.2,212.2 2 0
github.com/codefresh-io/go/venona/cmd/start.go:212.2,214.37 2 0
github.com/codefresh-io/go/venona/cmd/start.go:214.37,222.4 3 0
github.com/codefresh-io/go/venona/cmd/start.go:224.3,227.3 3 0
github.com/codefresh-io/go/venona/cmd/start.go:227.3,229.4 1 0
github.com/codefresh-io/go/venona/cmd/start.go:231.3,237.5 1 0
github.com/codefresh-io/go/venona/cmd/start.go:240.2,264.12 7 0
github.com/codefresh-io/go/venona/cmd/start.go:264.12,264.44 1 0
github.com/codefresh-io/go/venona/cmd/start.go:265.2,265.12 1 0
github.com/codefresh-io/go/venona/cmd/start.go:265.12,265.42 1 0
github.com/codefresh-io/go/venona/cmd/start.go:267.2,267.14 1 0
github.com/codefresh-io/go/venona/cmd/start.go:270.104,277.2 4 0
github.com/codefresh-io/go/venona/cmd/start.go:279.101,283.36 4 0
github.com/codefresh-io/go/venona/cmd/start.go:283.36,294.17 2 0
github.com/codefresh-io/go/venona/cmd/start.go:294.17,296.12 2 0
github.com/codefresh-io/go/venona/cmd/start.go:299.3,302.29 2 0
github.com/codefresh-io/go/venona/cmd/start.go:305.2,305.17 1 0
github.com/codefresh-io/go/venona/cmd/start.go:313.19,320.12 5 3
github.com/codefresh-io/go/venona/cmd/start.go:320.12,321.7 1 3
github.com/codefresh-io/go/venona/cmd/start.go:321.7,323.44 2 6
github.com/codefresh-io/go/venona/cmd/start.go:323.44,328.5 3 1
github.com/codefresh-io/go/venona/cmd/start.go:330.4,330.14 1 3
github.com/codefresh-io/go/venona/cmd/start.go:330.14,333.39 2 3
github.com/codefresh-io/go/venona/cmd/start.go:333.39,335.6 1 0
github.com/codefresh-io/go/venona/cmd/start.go:337.5,337.43 1 3
github.com/codefresh-io/go/venona/cmd/start.go:337.43,339.6 1 0
github.com/codefresh-io/go/venona/cmd/start.go:341.5,341.13 1 3
github.com/codefresh-io/go/venona/cmd/start.go:346.2,346.12 1 3
